2020-04-30 16:47:08.051  INFO 29308 --- [main] c.s.s.SinexperienciaApplication          : Starting SinexperienciaApplication on DESKTOP-HDFGSDB with PID 29308 (C:\Proyectos_Atos\Proyecto_Spring\sinexperiencia_back\target\classes started by a784410 in C:\Proyectos_Atos\Proyecto_Spring\sinexperiencia_back)
2020-04-30 16:47:08.069  INFO 29308 --- [main] c.s.s.SinexperienciaApplication          : No active profile set, falling back to default profiles: default
2020-04-30 16:47:10.215  INFO 29308 --- [main] .s.d.r.c.RepositoryConfigurationDelegate : Bootstrapping Spring Data JPA repositories in DEFAULT mode.
2020-04-30 16:47:10.512  INFO 29308 --- [main] .s.d.r.c.RepositoryConfigurationDelegate : Finished Spring Data repository scanning in 268ms. Found 2 JPA repository interfaces.
2020-04-30 16:47:11.328  INFO 29308 --- [main] trationDelegate$BeanPostProcessorChecker : Bean 'org.springframework.security.config.annotation.configuration.ObjectPostProcessorConfiguration' of type [org.springframework.security.config.annotation.configuration.ObjectPostProcessorConfiguration] is not eligible for getting processed by all BeanPostProcessors (for example: not eligible for auto-proxying)
2020-04-30 16:47:11.334  INFO 29308 --- [main] trationDelegate$BeanPostProcessorChecker : Bean 'objectPostProcessor' of type [org.springframework.security.config.annotation.configuration.AutowireBeanFactoryObjectPostProcessor] is not eligible for getting processed by all BeanPostProcessors (for example: not eligible for auto-proxying)
2020-04-30 16:47:11.340  INFO 29308 --- [main] trationDelegate$BeanPostProcessorChecker : Bean 'org.springframework.security.access.expression.method.DefaultMethodSecurityExpressionHandler@894858' of type [org.springframework.security.access.expression.method.DefaultMethodSecurityExpressionHandler] is not eligible for getting processed by all BeanPostProcessors (for example: not eligible for auto-proxying)
2020-04-30 16:47:11.342  INFO 29308 --- [main] trationDelegate$BeanPostProcessorChecker : Bean 'org.springframework.security.config.annotation.method.configuration.GlobalMethodSecurityConfiguration' of type [org.springframework.security.config.annotation.method.configuration.GlobalMethodSecurityConfiguration] is not eligible for getting processed by all BeanPostProcessors (for example: not eligible for auto-proxying)
2020-04-30 16:47:11.355  INFO 29308 --- [main] trationDelegate$BeanPostProcessorChecker : Bean 'methodSecurityMetadataSource' of type [org.springframework.security.access.method.DelegatingMethodSecurityMetadataSource] is not eligible for getting processed by all BeanPostProcessors (for example: not eligible for auto-proxying)
2020-04-30 16:47:11.872  INFO 29308 --- [main] o.s.b.w.embedded.tomcat.TomcatWebServer  : Tomcat initialized with port(s): 8090 (http)
2020-04-30 16:47:11.887  INFO 29308 --- [main] o.apache.catalina.core.StandardService   : Starting service [Tomcat]
2020-04-30 16:47:11.888  INFO 29308 --- [main] org.apache.catalina.core.StandardEngine  : Starting Servlet engine: [Apache Tomcat/9.0.33]
2020-04-30 16:47:12.270  INFO 29308 --- [main] o.a.c.c.C.[Tomcat].[localhost].[/]       : Initializing Spring embedded WebApplicationContext
2020-04-30 16:47:12.271  INFO 29308 --- [main] o.s.web.context.ContextLoader            : Root WebApplicationContext: initialization completed in 4052 ms
2020-04-30 16:47:12.724  INFO 29308 --- [main] o.hibernate.jpa.internal.util.LogHelper  : HHH000204: Processing PersistenceUnitInfo [name: default]
2020-04-30 16:47:12.893  INFO 29308 --- [main] org.hibernate.Version                    : HHH000412: Hibernate ORM core version 5.4.12.Final
2020-04-30 16:47:13.241  INFO 29308 --- [main] o.hibernate.annotations.common.Version   : HCANN000001: Hibernate Commons Annotations {5.1.0.Final}
2020-04-30 16:47:13.563  INFO 29308 --- [main] com.zaxxer.hikari.HikariDataSource       : HikariPool-1 - Starting...
2020-04-30 16:47:13.565  WARN 29308 --- [main] com.zaxxer.hikari.util.DriverDataSource  : Registered driver with driverClassName=oracle.jdbc.driver.OracleDriver was not found, trying direct instantiation.
2020-04-30 16:47:13.900  INFO 29308 --- [main] com.zaxxer.hikari.HikariDataSource       : HikariPool-1 - Start completed.
2020-04-30 16:47:13.927  INFO 29308 --- [main] org.hibernate.dialect.Dialect            : HHH000400: Using dialect: org.hibernate.dialect.Oracle10gDialect
2020-04-30 16:47:16.128  INFO 29308 --- [main] o.h.e.t.j.p.i.JtaPlatformInitiator       : HHH000490: Using JtaPlatform implementation: [org.hibernate.engine.transaction.jta.platform.internal.NoJtaPlatform]
2020-04-30 16:47:16.140  INFO 29308 --- [main] j.LocalContainerEntityManagerFactoryBean : Initialized JPA EntityManagerFactory for persistence unit 'default'
2020-04-30 16:47:16.914  WARN 29308 --- [main] JpaBaseConfiguration$JpaWebConfiguration : spring.jpa.open-in-view is enabled by default. Therefore, database queries may be performed during view rendering. Explicitly configure spring.jpa.open-in-view to disable this warning
2020-04-30 16:47:17.713  INFO 29308 --- [main] o.s.s.web.DefaultSecurityFilterChain     : Creating filter chain: any request, [org.springframework.security.web.context.request.async.WebAsyncManagerIntegrationFilter@3b57f915, org.springframework.security.web.context.SecurityContextPersistenceFilter@5f0677f3, org.springframework.security.web.header.HeaderWriterFilter@5103eea2, org.springframework.web.filter.CorsFilter@39c7fb0b, org.springframework.security.web.authentication.logout.LogoutFilter@3513d214, org.springframework.security.oauth2.provider.authentication.OAuth2AuthenticationProcessingFilter@6f867b0c, org.springframework.security.web.savedrequest.RequestCacheAwareFilter@4cd7d5e1, org.springframework.security.web.servletapi.SecurityContextHolderAwareRequestFilter@376b5cb2, org.springframework.security.web.authentication.AnonymousAuthenticationFilter@645dc557, org.springframework.security.web.session.SessionManagementFilter@7e77678c, org.springframework.security.web.access.ExceptionTranslationFilter@2565a7d0, org.springframework.security.web.access.intercept.FilterSecurityInterceptor@3a16984c]
2020-04-30 16:47:17.749  INFO 29308 --- [main] o.s.s.web.DefaultSecurityFilterChain     : Creating filter chain: any request, [org.springframework.security.web.context.request.async.WebAsyncManagerIntegrationFilter@27896d3b, org.springframework.security.web.context.SecurityContextPersistenceFilter@51f01535, org.springframework.security.web.header.HeaderWriterFilter@22c8ee48, org.springframework.security.web.csrf.CsrfFilter@27afbf14, org.springframework.security.web.authentication.logout.LogoutFilter@3ef2b8e5, org.springframework.security.web.authentication.UsernamePasswordAuthenticationFilter@3303e89e, org.springframework.security.web.authentication.ui.DefaultLoginPageGeneratingFilter@13fe5bb7, org.springframework.security.web.authentication.ui.DefaultLogoutPageGeneratingFilter@3ed7dd70, org.springframework.security.web.authentication.www.BasicAuthenticationFilter@1999149e, org.springframework.security.web.savedrequest.RequestCacheAwareFilter@2321e482, org.springframework.security.web.servletapi.SecurityContextHolderAwareRequestFilter@467ef400, org.springframework.security.web.authentication.AnonymousAuthenticationFilter@6f3b13d0, org.springframework.security.web.session.SessionManagementFilter@7845b21a, org.springframework.security.web.access.ExceptionTranslationFilter@5c25d0d1, org.springframework.security.web.access.intercept.FilterSecurityInterceptor@7d284f15]
2020-04-30 16:47:18.045  INFO 29308 --- [main] o.s.s.concurrent.ThreadPoolTaskExecutor  : Initializing ExecutorService 'applicationTaskExecutor'
2020-04-30 16:47:18.454  INFO 29308 --- [main] o.s.b.w.embedded.tomcat.TomcatWebServer  : Tomcat started on port(s): 8090 (http) with context path ''
2020-04-30 16:47:18.457  INFO 29308 --- [main] c.s.s.SinexperienciaApplication          : Started SinexperienciaApplication in 11.473 seconds (JVM running for 23.216)
2020-04-30 16:48:35.394  INFO 29308 --- [http-nio-8090-exec-1] o.a.c.c.C.[Tomcat].[localhost].[/]       : Initializing Spring DispatcherServlet 'dispatcherServlet'
2020-04-30 16:48:35.397  INFO 29308 --- [http-nio-8090-exec-1] o.s.web.servlet.DispatcherServlet        : Initializing Servlet 'dispatcherServlet'
2020-04-30 16:48:35.432  INFO 29308 --- [http-nio-8090-exec-1] o.s.web.servlet.DispatcherServlet        : Completed initialization in 34 ms
2020-04-30 20:05:59.858  INFO 29308 --- [RMI TCP Connection(222)-127.0.0.1] inMXBeanRegistrar$SpringApplicationAdmin : Application shutdown requested.
2020-04-30 20:05:59.971  INFO 29308 --- [RMI TCP Connection(222)-127.0.0.1] o.s.s.concurrent.ThreadPoolTaskExecutor  : Shutting down ExecutorService 'applicationTaskExecutor'
2020-04-30 20:05:59.992  INFO 29308 --- [RMI TCP Connection(222)-127.0.0.1] j.LocalContainerEntityManagerFactoryBean : Closing JPA EntityManagerFactory for persistence unit 'default'
2020-04-30 20:06:00.083  INFO 29308 --- [RMI TCP Connection(222)-127.0.0.1] com.zaxxer.hikari.HikariDataSource       : HikariPool-1 - Shutdown initiated...
2020-04-30 20:06:00.137  INFO 29308 --- [RMI TCP Connection(222)-127.0.0.1] com.zaxxer.hikari.HikariDataSource       : HikariPool-1 - Shutdown completed.
2020-04-30 20:06:13.867  INFO 17840 --- [main] c.s.s.SinexperienciaApplication          : Starting SinexperienciaApplication on DESKTOP-HDFGSDB with PID 17840 (C:\Proyectos_Atos\Proyecto_Spring\sinexperiencia_back\target\classes started by a784410 in C:\Proyectos_Atos\Proyecto_Spring\sinexperiencia_back)
2020-04-30 20:06:13.871  INFO 17840 --- [main] c.s.s.SinexperienciaApplication          : No active profile set, falling back to default profiles: default
2020-04-30 20:06:15.063  INFO 17840 --- [main] .s.d.r.c.RepositoryConfigurationDelegate : Bootstrapping Spring Data JPA repositories in DEFAULT mode.
2020-04-30 20:06:15.199  INFO 17840 --- [main] .s.d.r.c.RepositoryConfigurationDelegate : Finished Spring Data repository scanning in 122ms. Found 2 JPA repository interfaces.
2020-04-30 20:06:15.583  INFO 17840 --- [main] trationDelegate$BeanPostProcessorChecker : Bean 'org.springframework.security.config.annotation.configuration.ObjectPostProcessorConfiguration' of type [org.springframework.security.config.annotation.configuration.ObjectPostProcessorConfiguration] is not eligible for getting processed by all BeanPostProcessors (for example: not eligible for auto-proxying)
2020-04-30 20:06:15.586  INFO 17840 --- [main] trationDelegate$BeanPostProcessorChecker : Bean 'objectPostProcessor' of type [org.springframework.security.config.annotation.configuration.AutowireBeanFactoryObjectPostProcessor] is not eligible for getting processed by all BeanPostProcessors (for example: not eligible for auto-proxying)
2020-04-30 20:06:15.589  INFO 17840 --- [main] trationDelegate$BeanPostProcessorChecker : Bean 'org.springframework.security.access.expression.method.DefaultMethodSecurityExpressionHandler@584f5497' of type [org.springframework.security.access.expression.method.DefaultMethodSecurityExpressionHandler] is not eligible for getting processed by all BeanPostProcessors (for example: not eligible for auto-proxying)
2020-04-30 20:06:15.591  INFO 17840 --- [main] trationDelegate$BeanPostProcessorChecker : Bean 'org.springframework.security.config.annotation.method.configuration.GlobalMethodSecurityConfiguration' of type [org.springframework.security.config.annotation.method.configuration.GlobalMethodSecurityConfiguration] is not eligible for getting processed by all BeanPostProcessors (for example: not eligible for auto-proxying)
2020-04-30 20:06:15.597  INFO 17840 --- [main] trationDelegate$BeanPostProcessorChecker : Bean 'methodSecurityMetadataSource' of type [org.springframework.security.access.method.DelegatingMethodSecurityMetadataSource] is not eligible for getting processed by all BeanPostProcessors (for example: not eligible for auto-proxying)
2020-04-30 20:06:15.900  INFO 17840 --- [main] o.s.b.w.embedded.tomcat.TomcatWebServer  : Tomcat initialized with port(s): 8090 (http)
2020-04-30 20:06:15.913  INFO 17840 --- [main] o.apache.catalina.core.StandardService   : Starting service [Tomcat]
2020-04-30 20:06:15.913  INFO 17840 --- [main] org.apache.catalina.core.StandardEngine  : Starting Servlet engine: [Apache Tomcat/9.0.33]
2020-04-30 20:06:16.182  INFO 17840 --- [main] o.a.c.c.C.[Tomcat].[localhost].[/]       : Initializing Spring embedded WebApplicationContext
2020-04-30 20:06:16.183  INFO 17840 --- [main] o.s.web.context.ContextLoader            : Root WebApplicationContext: initialization completed in 2250 ms
2020-04-30 20:06:16.473  INFO 17840 --- [main] o.hibernate.jpa.internal.util.LogHelper  : HHH000204: Processing PersistenceUnitInfo [name: default]
2020-04-30 20:06:16.650  INFO 17840 --- [main] org.hibernate.Version                    : HHH000412: Hibernate ORM core version 5.4.12.Final
2020-04-30 20:06:16.950  INFO 17840 --- [main] o.hibernate.annotations.common.Version   : HCANN000001: Hibernate Commons Annotations {5.1.0.Final}
2020-04-30 20:06:17.195  INFO 17840 --- [main] com.zaxxer.hikari.HikariDataSource       : HikariPool-1 - Starting...
2020-04-30 20:06:17.196  WARN 17840 --- [main] com.zaxxer.hikari.util.DriverDataSource  : Registered driver with driverClassName=oracle.jdbc.driver.OracleDriver was not found, trying direct instantiation.
2020-04-30 20:06:17.570  INFO 17840 --- [main] com.zaxxer.hikari.HikariDataSource       : HikariPool-1 - Start completed.
2020-04-30 20:06:17.604  INFO 17840 --- [main] org.hibernate.dialect.Dialect            : HHH000400: Using dialect: org.hibernate.dialect.Oracle10gDialect
2020-04-30 20:06:19.230  INFO 17840 --- [main] o.h.e.t.j.p.i.JtaPlatformInitiator       : HHH000490: Using JtaPlatform implementation: [org.hibernate.engine.transaction.jta.platform.internal.NoJtaPlatform]
2020-04-30 20:06:19.239  INFO 17840 --- [main] j.LocalContainerEntityManagerFactoryBean : Initialized JPA EntityManagerFactory for persistence unit 'default'
2020-04-30 20:06:19.754  WARN 17840 --- [main] JpaBaseConfiguration$JpaWebConfiguration : spring.jpa.open-in-view is enabled by default. Therefore, database queries may be performed during view rendering. Explicitly configure spring.jpa.open-in-view to disable this warning
2020-04-30 20:06:20.349  INFO 17840 --- [main] o.s.s.web.DefaultSecurityFilterChain     : Creating filter chain: any request, [org.springframework.security.web.context.request.async.WebAsyncManagerIntegrationFilter@60a01cb, org.springframework.security.web.context.SecurityContextPersistenceFilter@108b121f, org.springframework.security.web.header.HeaderWriterFilter@3513d214, org.springframework.security.web.authentication.logout.LogoutFilter@6f867b0c, org.springframework.security.oauth2.provider.authentication.OAuth2AuthenticationProcessingFilter@2f86f9cf, org.springframework.security.web.authentication.www.BasicAuthenticationFilter@6dded900, org.springframework.security.web.savedrequest.RequestCacheAwareFilter@2ff498b0, org.springframework.security.web.servletapi.SecurityContextHolderAwareRequestFilter@37a67cf, org.springframework.security.web.authentication.AnonymousAuthenticationFilter@4efb13f1, org.springframework.security.web.session.SessionManagementFilter@46b5f061, org.springframework.security.web.access.ExceptionTranslationFilter@2cd3fc29, org.springframework.security.web.access.intercept.FilterSecurityInterceptor@308e87a1]
2020-04-30 20:06:20.372  INFO 17840 --- [main] o.s.s.web.DefaultSecurityFilterChain     : Creating filter chain: any request, [org.springframework.security.web.context.request.async.WebAsyncManagerIntegrationFilter@3ed7dd70, org.springframework.security.web.context.SecurityContextPersistenceFilter@5d717f19, org.springframework.security.web.header.HeaderWriterFilter@3ef2b8e5, org.springframework.security.web.csrf.CsrfFilter@4276ad40, org.springframework.security.web.authentication.logout.LogoutFilter@44bbb7c6, org.springframework.security.web.authentication.UsernamePasswordAuthenticationFilter@701d2b59, org.springframework.security.web.authentication.ui.DefaultLoginPageGeneratingFilter@2b7774d5, org.springframework.security.web.authentication.ui.DefaultLogoutPageGeneratingFilter@6f3b13d0, org.springframework.security.web.authentication.www.BasicAuthenticationFilter@27896d3b, org.springframework.security.web.savedrequest.RequestCacheAwareFilter@18715bb, org.springframework.security.web.servletapi.SecurityContextHolderAwareRequestFilter@2a19a0fe, org.springframework.security.web.authentication.AnonymousAuthenticationFilter@2964511, org.springframework.security.web.session.SessionManagementFilter@49190ed6, org.springframework.security.web.access.ExceptionTranslationFilter@5fb07347, org.springframework.security.web.access.intercept.FilterSecurityInterceptor@d62472f]
2020-04-30 20:06:20.678  INFO 17840 --- [main] o.s.s.concurrent.ThreadPoolTaskExecutor  : Initializing ExecutorService 'applicationTaskExecutor'
2020-04-30 20:06:21.032  INFO 17840 --- [main] o.s.b.w.embedded.tomcat.TomcatWebServer  : Tomcat started on port(s): 8090 (http) with context path ''
2020-04-30 20:06:21.036  INFO 17840 --- [main] c.s.s.SinexperienciaApplication          : Started SinexperienciaApplication in 7.745 seconds (JVM running for 11.857)
2020-04-30 20:06:21.267  INFO 17840 --- [http-nio-8090-exec-1] o.a.c.c.C.[Tomcat].[localhost].[/]       : Initializing Spring DispatcherServlet 'dispatcherServlet'
2020-04-30 20:06:21.268  INFO 17840 --- [http-nio-8090-exec-1] o.s.web.servlet.DispatcherServlet        : Initializing Servlet 'dispatcherServlet'
2020-04-30 20:06:21.281  INFO 17840 --- [http-nio-8090-exec-1] o.s.web.servlet.DispatcherServlet        : Completed initialization in 13 ms
2020-04-30 20:49:34.848  INFO 17840 --- [RMI TCP Connection(63)-127.0.0.1] inMXBeanRegistrar$SpringApplicationAdmin : Application shutdown requested.
2020-04-30 20:49:34.874  INFO 17840 --- [RMI TCP Connection(63)-127.0.0.1] o.s.s.concurrent.ThreadPoolTaskExecutor  : Shutting down ExecutorService 'applicationTaskExecutor'
2020-04-30 20:49:34.877  INFO 17840 --- [RMI TCP Connection(63)-127.0.0.1] j.LocalContainerEntityManagerFactoryBean : Closing JPA EntityManagerFactory for persistence unit 'default'
2020-04-30 20:49:34.892  INFO 17840 --- [RMI TCP Connection(63)-127.0.0.1] com.zaxxer.hikari.HikariDataSource       : HikariPool-1 - Shutdown initiated...
2020-04-30 20:49:34.915  INFO 17840 --- [RMI TCP Connection(63)-127.0.0.1] com.zaxxer.hikari.HikariDataSource       : HikariPool-1 - Shutdown completed.
2020-04-30 20:49:46.477  INFO 27020 --- [main] c.s.s.SinexperienciaApplication          : Starting SinexperienciaApplication on DESKTOP-HDFGSDB with PID 27020 (C:\Proyectos_Atos\Proyecto_Spring\sinexperiencia_back\target\classes started by a784410 in C:\Proyectos_Atos\Proyecto_Spring\sinexperiencia_back)
2020-04-30 20:49:46.481  INFO 27020 --- [main] c.s.s.SinexperienciaApplication          : No active profile set, falling back to default profiles: default
2020-04-30 20:49:47.243  INFO 27020 --- [main] .s.d.r.c.RepositoryConfigurationDelegate : Bootstrapping Spring Data JPA repositories in DEFAULT mode.
2020-04-30 20:49:47.360  INFO 27020 --- [main] .s.d.r.c.RepositoryConfigurationDelegate : Finished Spring Data repository scanning in 109ms. Found 3 JPA repository interfaces.
2020-04-30 20:49:47.666  INFO 27020 --- [main] trationDelegate$BeanPostProcessorChecker : Bean 'org.springframework.security.config.annotation.configuration.ObjectPostProcessorConfiguration' of type [org.springframework.security.config.annotation.configuration.ObjectPostProcessorConfiguration] is not eligible for getting processed by all BeanPostProcessors (for example: not eligible for auto-proxying)
2020-04-30 20:49:47.668  INFO 27020 --- [main] trationDelegate$BeanPostProcessorChecker : Bean 'objectPostProcessor' of type [org.springframework.security.config.annotation.configuration.AutowireBeanFactoryObjectPostProcessor] is not eligible for getting processed by all BeanPostProcessors (for example: not eligible for auto-proxying)
2020-04-30 20:49:47.670  INFO 27020 --- [main] trationDelegate$BeanPostProcessorChecker : Bean 'org.springframework.security.access.expression.method.DefaultMethodSecurityExpressionHandler@595f4da5' of type [org.springframework.security.access.expression.method.DefaultMethodSecurityExpressionHandler] is not eligible for getting processed by all BeanPostProcessors (for example: not eligible for auto-proxying)
2020-04-30 20:49:47.672  INFO 27020 --- [main] trationDelegate$BeanPostProcessorChecker : Bean 'org.springframework.security.config.annotation.method.configuration.GlobalMethodSecurityConfiguration' of type [org.springframework.security.config.annotation.method.configuration.GlobalMethodSecurityConfiguration] is not eligible for getting processed by all BeanPostProcessors (for example: not eligible for auto-proxying)
2020-04-30 20:49:47.676  INFO 27020 --- [main] trationDelegate$BeanPostProcessorChecker : Bean 'methodSecurityMetadataSource' of type [org.springframework.security.access.method.DelegatingMethodSecurityMetadataSource] is not eligible for getting processed by all BeanPostProcessors (for example: not eligible for auto-proxying)
2020-04-30 20:49:47.933  INFO 27020 --- [main] o.s.b.w.embedded.tomcat.TomcatWebServer  : Tomcat initialized with port(s): 8090 (http)
2020-04-30 20:49:47.944  INFO 27020 --- [main] o.apache.catalina.core.StandardService   : Starting service [Tomcat]
2020-04-30 20:49:47.944  INFO 27020 --- [main] org.apache.catalina.core.StandardEngine  : Starting Servlet engine: [Apache Tomcat/9.0.33]
2020-04-30 20:49:48.155  INFO 27020 --- [main] o.a.c.c.C.[Tomcat].[localhost].[/]       : Initializing Spring embedded WebApplicationContext
2020-04-30 20:49:48.155  INFO 27020 --- [main] o.s.web.context.ContextLoader            : Root WebApplicationContext: initialization completed in 1626 ms
2020-04-30 20:49:48.402  INFO 27020 --- [main] o.hibernate.jpa.internal.util.LogHelper  : HHH000204: Processing PersistenceUnitInfo [name: default]
2020-04-30 20:49:48.521  INFO 27020 --- [main] org.hibernate.Version                    : HHH000412: Hibernate ORM core version 5.4.12.Final
2020-04-30 20:49:48.741  INFO 27020 --- [main] o.hibernate.annotations.common.Version   : HCANN000001: Hibernate Commons Annotations {5.1.0.Final}
2020-04-30 20:49:48.937  INFO 27020 --- [main] com.zaxxer.hikari.HikariDataSource       : HikariPool-1 - Starting...
2020-04-30 20:49:48.938  WARN 27020 --- [main] com.zaxxer.hikari.util.DriverDataSource  : Registered driver with driverClassName=oracle.jdbc.driver.OracleDriver was not found, trying direct instantiation.
2020-04-30 20:49:49.103  INFO 27020 --- [main] com.zaxxer.hikari.HikariDataSource       : HikariPool-1 - Start completed.
2020-04-30 20:49:49.121  INFO 27020 --- [main] org.hibernate.dialect.Dialect            : HHH000400: Using dialect: org.hibernate.dialect.Oracle10gDialect
2020-04-30 20:49:49.531  WARN 27020 --- [main] ConfigServletWebServerApplicationContext : Exception encountered during context initialization - cancelling refresh attempt: org.springframework.beans.factory.BeanCreationException: Error creating bean with name 'entityManagerFactory' defined in class path resource [org/springframework/boot/autoconfigure/orm/jpa/HibernateJpaConfiguration.class]: Invocation of init method failed; nested exception is javax.persistence.PersistenceException: [PersistenceUnit: default] Unable to build Hibernate SessionFactory; nested exception is org.hibernate.MappingException: Could not determine type for: java.util.List, at table: jobs_table, for columns: [org.hibernate.mapping.Column(requisitos)]
2020-04-30 20:49:49.532  INFO 27020 --- [main] com.zaxxer.hikari.HikariDataSource       : HikariPool-1 - Shutdown initiated...
2020-04-30 20:49:49.564  INFO 27020 --- [main] com.zaxxer.hikari.HikariDataSource       : HikariPool-1 - Shutdown completed.
2020-04-30 20:49:49.567  INFO 27020 --- [main] o.apache.catalina.core.StandardService   : Stopping service [Tomcat]
2020-04-30 20:49:49.579  INFO 27020 --- [main] ConditionEvaluationReportLoggingListener : 

Error starting ApplicationContext. To display the conditions report re-run your application with 'debug' enabled.
2020-04-30 20:49:49.591 ERROR 27020 --- [main] o.s.boot.SpringApplication               : Application run failed

org.springframework.beans.factory.BeanCreationException: Error creating bean with name 'entityManagerFactory' defined in class path resource [org/springframework/boot/autoconfigure/orm/jpa/HibernateJpaConfiguration.class]: Invocation of init method failed; nested exception is javax.persistence.PersistenceException: [PersistenceUnit: default] Unable to build Hibernate SessionFactory; nested exception is org.hibernate.MappingException: Could not determine type for: java.util.List, at table: jobs_table, for columns: [org.hibernate.mapping.Column(requisitos)]
	at org.springframework.beans.factory.support.AbstractAutowireCapableBeanFactory.initializeBean(AbstractAutowireCapableBeanFactory.java:1796) ~[spring-beans-5.2.5.RELEASE.jar:5.2.5.RELEASE]
	at org.springframework.beans.factory.support.AbstractAutowireCapableBeanFactory.doCreateBean(AbstractAutowireCapableBeanFactory.java:595) ~[spring-beans-5.2.5.RELEASE.jar:5.2.5.RELEASE]
	at org.springframework.beans.factory.support.AbstractAutowireCapableBeanFactory.createBean(AbstractAutowireCapableBeanFactory.java:517) ~[spring-beans-5.2.5.RELEASE.jar:5.2.5.RELEASE]
	at org.springframework.beans.factory.support.AbstractBeanFactory.lambda$doGetBean$0(AbstractBeanFactory.java:323) ~[spring-beans-5.2.5.RELEASE.jar:5.2.5.RELEASE]
	at org.springframework.beans.factory.support.DefaultSingletonBeanRegistry.getSingleton(DefaultSingletonBeanRegistry.java:222) ~[spring-beans-5.2.5.RELEASE.jar:5.2.5.RELEASE]
	at org.springframework.beans.factory.support.AbstractBeanFactory.doGetBean(AbstractBeanFactory.java:321) ~[spring-beans-5.2.5.RELEASE.jar:5.2.5.RELEASE]
	at org.springframework.beans.factory.support.AbstractBeanFactory.getBean(AbstractBeanFactory.java:202) ~[spring-beans-5.2.5.RELEASE.jar:5.2.5.RELEASE]
	at org.springframework.context.support.AbstractApplicationContext.getBean(AbstractApplicationContext.java:1108) ~[spring-context-5.2.5.RELEASE.jar:5.2.5.RELEASE]
	at org.springframework.context.support.AbstractApplicationContext.finishBeanFactoryInitialization(AbstractApplicationContext.java:868) ~[spring-context-5.2.5.RELEASE.jar:5.2.5.RELEASE]
	at org.springframework.context.support.AbstractApplicationContext.refresh(AbstractApplicationContext.java:550) ~[spring-context-5.2.5.RELEASE.jar:5.2.5.RELEASE]
	at org.springframework.boot.web.servlet.context.ServletWebServerApplicationContext.refresh(ServletWebServerApplicationContext.java:141) ~[spring-boot-2.2.6.RELEASE.jar:2.2.6.RELEASE]
	at org.springframework.boot.SpringApplication.refresh(SpringApplication.java:747) [spring-boot-2.2.6.RELEASE.jar:2.2.6.RELEASE]
	at org.springframework.boot.SpringApplication.refreshContext(SpringApplication.java:397) [spring-boot-2.2.6.RELEASE.jar:2.2.6.RELEASE]
	at org.springframework.boot.SpringApplication.run(SpringApplication.java:315) [spring-boot-2.2.6.RELEASE.jar:2.2.6.RELEASE]
	at org.springframework.boot.SpringApplication.run(SpringApplication.java:1226) [spring-boot-2.2.6.RELEASE.jar:2.2.6.RELEASE]
	at org.springframework.boot.SpringApplication.run(SpringApplication.java:1215) [spring-boot-2.2.6.RELEASE.jar:2.2.6.RELEASE]
	at com.sinexperiencia.sinexperiencia.SinexperienciaApplication.main(SinexperienciaApplication.java:10) [classes/:na]
Caused by: javax.persistence.PersistenceException: [PersistenceUnit: default] Unable to build Hibernate SessionFactory; nested exception is org.hibernate.MappingException: Could not determine type for: java.util.List, at table: jobs_table, for columns: [org.hibernate.mapping.Column(requisitos)]
	at org.springframework.orm.jpa.AbstractEntityManagerFactoryBean.buildNativeEntityManagerFactory(AbstractEntityManagerFactoryBean.java:403) ~[spring-orm-5.2.5.RELEASE.jar:5.2.5.RELEASE]
	at org.springframework.orm.jpa.AbstractEntityManagerFactoryBean.afterPropertiesSet(AbstractEntityManagerFactoryBean.java:378) ~[spring-orm-5.2.5.RELEASE.jar:5.2.5.RELEASE]
	at org.springframework.orm.jpa.LocalContainerEntityManagerFactoryBean.afterPropertiesSet(LocalContainerEntityManagerFactoryBean.java:341) ~[spring-orm-5.2.5.RELEASE.jar:5.2.5.RELEASE]
	at org.springframework.beans.factory.support.AbstractAutowireCapableBeanFactory.invokeInitMethods(AbstractAutowireCapableBeanFactory.java:1855) ~[spring-beans-5.2.5.RELEASE.jar:5.2.5.RELEASE]
	at org.springframework.beans.factory.support.AbstractAutowireCapableBeanFactory.initializeBean(AbstractAutowireCapableBeanFactory.java:1792) ~[spring-beans-5.2.5.RELEASE.jar:5.2.5.RELEASE]
	... 16 common frames omitted
Caused by: org.hibernate.MappingException: Could not determine type for: java.util.List, at table: jobs_table, for columns: [org.hibernate.mapping.Column(requisitos)]
	at org.hibernate.mapping.SimpleValue.getType(SimpleValue.java:488) ~[hibernate-core-5.4.12.Final.jar:5.4.12.Final]
	at org.hibernate.mapping.SimpleValue.isValid(SimpleValue.java:455) ~[hibernate-core-5.4.12.Final.jar:5.4.12.Final]
	at org.hibernate.mapping.Property.isValid(Property.java:227) ~[hibernate-core-5.4.12.Final.jar:5.4.12.Final]
	at org.hibernate.mapping.PersistentClass.validate(PersistentClass.java:624) ~[hibernate-core-5.4.12.Final.jar:5.4.12.Final]
	at org.hibernate.mapping.RootClass.validate(RootClass.java:267) ~[hibernate-core-5.4.12.Final.jar:5.4.12.Final]
	at org.hibernate.boot.internal.MetadataImpl.validate(MetadataImpl.java:351) ~[hibernate-core-5.4.12.Final.jar:5.4.12.Final]
	at org.hibernate.boot.internal.SessionFactoryBuilderImpl.build(SessionFactoryBuilderImpl.java:464) ~[hibernate-core-5.4.12.Final.jar:5.4.12.Final]
	at org.hibernate.jpa.boot.internal.EntityManagerFactoryBuilderImpl.build(EntityManagerFactoryBuilderImpl.java:1237) ~[hibernate-core-5.4.12.Final.jar:5.4.12.Final]
	at org.springframework.orm.jpa.vendor.SpringHibernateJpaPersistenceProvider.createContainerEntityManagerFactory(SpringHibernateJpaPersistenceProvider.java:58) ~[spring-orm-5.2.5.RELEASE.jar:5.2.5.RELEASE]
	at org.springframework.orm.jpa.LocalContainerEntityManagerFactoryBean.createNativeEntityManagerFactory(LocalContainerEntityManagerFactoryBean.java:365) ~[spring-orm-5.2.5.RELEASE.jar:5.2.5.RELEASE]
	at org.springframework.orm.jpa.AbstractEntityManagerFactoryBean.buildNativeEntityManagerFactory(AbstractEntityManagerFactoryBean.java:391) ~[spring-orm-5.2.5.RELEASE.jar:5.2.5.RELEASE]
	... 20 common frames omitted

